#
# There is insufficient memory for the Java Runtime Environment to continue.
# Native memory allocation (mmap) failed to map 67108864 bytes for Failed to commit area from 0x00000000c0c00000 to 0x00000000c4c00000 of length 67108864.
# Possible reasons:
#   The system is out of physical RAM or swap space
#   The process is running with CompressedOops enabled, and the Java Heap may be blocking the growth of the native heap
# Possible solutions:
#   Reduce memory load on the system
#   Increase physical memory or swap space
#   Check if swap backing store is full
#   Decrease Java heap size (-Xmx/-Xms)
#   Decrease number of Java threads
#   Decrease Java thread stack sizes (-Xss)
#   Set larger code cache with -XX:ReservedCodeCacheSize=
# This output file may be truncated or incomplete.
#
#  Out of Memory Error (c:/BuildAgent/work/1eae4dac1d648407/src/hotspot/os/windows/os_windows.cpp:3296), pid=1480, tid=3828
#
# JRE version:  (11.0.6+8) (build )
# Java VM: OpenJDK 64-Bit Server VM (11.0.6+8-b765.25, mixed mode, sharing, tiered, compressed oops, g1 gc, windows-amd64)
# No core dump will be written. Minidumps are not enabled by default on client versions of Windows
#

---------------  S U M M A R Y ------------

Command Line: org.jetbrains.git4idea.http.GitAskPassApp Username for 'https://github.com': 

Host: Intel(R) Core(TM) i3-2350M CPU @ 2.30GHz, 4 cores, 3G,  Windows 10 , 64 bit Build 10240 (10.0.10240.17113)
Time: Thu Jun 17 18:47:43 2021 W. Central Africa Standard Time elapsed time: 0 seconds (0d 0h 0m 0s)

---------------  T H R E A D  ---------------

Current thread (0x000000c239d0a000):  JavaThread "Unknown thread" [_thread_in_vm, id=3828, stack(0x000000c23b820000,0x000000c23b920000)]

Stack: [0x000000c23b820000,0x000000c23b920000]
Native frames: (J=compiled Java code, j=interpreted, Vv=VM code, C=native code)
V  [jvm.dll+0x5de3ca]
V  [jvm.dll+0x710ae5]
V  [jvm.dll+0x712005]
V  [jvm.dll+0x7126b3]
V  [jvm.dll+0x23e708]
V  [jvm.dll+0x5db874]
V  [jvm.dll+0x5d0aa5]
V  [jvm.dll+0x2fb0fb]
V  [jvm.dll+0x2fb06a]
V  [jvm.dll+0x2faf42]
V  [jvm.dll+0x2ffe16]
V  [jvm.dll+0x348723]
V  [jvm.dll+0x348e26]
V  [jvm.dll+0x348823]
V  [jvm.dll+0x2d58a8]
V  [jvm.dll+0x2d6a47]
V  [jvm.dll+0x6ef917]
V  [jvm.dll+0x6f110c]
V  [jvm.dll+0x355d69]
V  [jvm.dll+0x6d4afe]
V  [jvm.dll+0x3bf3d3]
V  [jvm.dll+0x3c1921]
C  [jli.dll+0x5363]
C  [ucrtbase.dll+0x6829d]
C  [KERNEL32.DLL+0x12d92]
C  [ntdll.dll+0x9f64]


---------------  P R O C E S S  ---------------

Threads class SMR info:
_java_thread_list=0x000000c239c24100, length=0, elements={
}

Java Threads: ( => current thread )

Other Threads:
  0x000000c23c14e000 GCTaskThread "GC Thread#0" [stack: 0x000000c23bb00000,0x000000c23bc00000] [id=4928]
  0x000000c23c16b000 ConcurrentGCThread "G1 Main Marker" [stack: 0x000000c2517d0000,0x000000c2518d0000] [id=6716]
  0x000000c23c16c000 ConcurrentGCThread "G1 Conc#0" [stack: 0x000000c2518d0000,0x000000c2519d0000] [id=3840]

[error occurred during error reporting (printing all threads), id 0xc0000005, EXCEPTION_ACCESS_VIOLATION (0xc0000005) at pc=0x00007ffb862c6227]

VM state:not at safepoint (not fully initialized)

VM Mutex/Monitor currently owned by a thread:  ([mutex/lock_event])
[0x000000c23c135f60] Heap_lock - owner thread: 0x000000c239d0a000

Heap address: 0x00000000c0c00000, size: 1012 MB, Compressed Oops mode: Non-zero based: 0x00000000c0c00000
Narrow klass base: 0x0000000000000000, Narrow klass shift: 0

GC Heap History (0 events):
No events

Deoptimization events (0 events):
No events

Classes redefined (0 events):
No events

Internal exceptions (0 events):
No events

Events (2 events):
Event: 0.046 Loaded shared library C:\Program Files\JetBrains\IntelliJIDEA\jbr\bin\zip.dll
Event: 0.070 Loaded shared library C:\Program Files\JetBrains\IntelliJIDEA\jbr\bin\jimage.dll


Dynamic libraries:
0x00007ff7f41c0000 - 0x00007ff7f41ca000 	C:\Program Files\JetBrains\IntelliJIDEA\jbr\bin\java.exe
0x00007ffba17c0000 - 0x00007ffba1982000 	C:\Windows\SYSTEM32\ntdll.dll
0x00007ffba0a20000 - 0x00007ffba0acd000 	C:\Windows\system32\KERNEL32.DLL
0x00007ffb9e8b0000 - 0x00007ffb9ea8d000 	C:\Windows\system32\KERNELBASE.dll
0x00007ffb9c580000 - 0x00007ffb9c597000 	C:\Program Files\JetBrains\IntelliJIDEA\jbr\bin\VCRUNTIME140.dll
0x00007ffb93850000 - 0x00007ffb93869000 	C:\Program Files\JetBrains\IntelliJIDEA\jbr\bin\jli.dll
0x00007ffb97620000 - 0x00007ffb97712000 	C:\Windows\SYSTEM32\ucrtbase.dll
0x00007ffb9ef50000 - 0x00007ffb9f09e000 	C:\Windows\system32\USER32.dll
0x00007ffba1200000 - 0x00007ffba1383000 	C:\Windows\system32\GDI32.dll
0x00007ffb94fe0000 - 0x00007ffb95254000 	C:\Windows\WinSxS\amd64_microsoft.windows.common-controls_6595b64144ccf1df_6.0.10240.17184_none_f41d7a705752bce6\COMCTL32.dll
0x00007ffba0fc0000 - 0x00007ffba105d000 	C:\Windows\system32\msvcrt.dll
0x00007ffba15d0000 - 0x00007ffba1606000 	C:\Windows\system32\IMM32.DLL
0x00007ffba0e00000 - 0x00007ffba0f5c000 	C:\Windows\system32\MSCTF.dll
0x00007ffb9c250000 - 0x00007ffb9c2ed000 	C:\Program Files\JetBrains\IntelliJIDEA\jbr\bin\msvcp140.dll
0x00007ffb85fe0000 - 0x00007ffb86a9d000 	C:\Program Files\JetBrains\IntelliJIDEA\jbr\bin\server\jvm.dll
0x00007ffba0d50000 - 0x00007ffba0df6000 	C:\Windows\system32\ADVAPI32.dll
0x00007ffba09c0000 - 0x00007ffba0a1b000 	C:\Windows\system32\sechost.dll
0x00007ffba06c0000 - 0x00007ffba07e6000 	C:\Windows\system32\RPCRT4.dll
0x00007ffba10d0000 - 0x00007ffba10d8000 	C:\Windows\system32\PSAPI.DLL
0x00007ffb99400000 - 0x00007ffb99409000 	C:\Windows\SYSTEM32\WSOCK32.dll
0x00007ffb9c2f0000 - 0x00007ffb9c313000 	C:\Windows\SYSTEM32\WINMM.dll
0x00007ffb95630000 - 0x00007ffb9563a000 	C:\Windows\SYSTEM32\VERSION.dll
0x00007ffb9f0a0000 - 0x00007ffb9f109000 	C:\Windows\system32\WS2_32.dll
0x00007ffba1470000 - 0x00007ffba1478000 	C:\Windows\system32\NSI.dll
0x00007ffb9c1e0000 - 0x00007ffb9c20c000 	C:\Windows\SYSTEM32\WINMMBASE.dll
0x00007ffb9ee30000 - 0x00007ffb9ee74000 	C:\Windows\system32\cfgmgr32.dll
0x00007ffb9caa0000 - 0x00007ffb9cac7000 	C:\Windows\SYSTEM32\DEVOBJ.dll
0x00007ffb9e200000 - 0x00007ffb9e20f000 	C:\Windows\system32\kernel.appcore.dll
0x00007ffb938c0000 - 0x00007ffb938d1000 	C:\Program Files\JetBrains\IntelliJIDEA\jbr\bin\verify.dll
0x00007ffb91340000 - 0x00007ffb914ca000 	C:\Windows\SYSTEM32\DBGHELP.DLL
0x00007ffb93880000 - 0x00007ffb938a5000 	C:\Windows\SYSTEM32\dbgcore.DLL
0x00007ffb916a0000 - 0x00007ffb916c9000 	C:\Program Files\JetBrains\IntelliJIDEA\jbr\bin\java.dll
0x00007ffb92dd0000 - 0x00007ffb92de8000 	C:\Program Files\JetBrains\IntelliJIDEA\jbr\bin\zip.dll
0x00007ffb992e0000 - 0x00007ffb992eb000 	C:\Program Files\JetBrains\IntelliJIDEA\jbr\bin\jimage.dll

dbghelp: loaded successfully - version: 4.0.5 - missing functions: none
symbol engine: initialized successfully - sym options: 0x614 - pdb path: .;C:\Program Files\JetBrains\IntelliJIDEA\jbr\bin;C:\Windows\SYSTEM32;C:\Windows\WinSxS\amd64_microsoft.windows.common-controls_6595b64144ccf1df_6.0.10240.17184_none_f41d7a705752bce6;C:\Program Files\JetBrains\IntelliJIDEA\jbr\bin\server

VM Arguments:
java_command: org.jetbrains.git4idea.http.GitAskPassApp Username for 'https://github.com': 
java_class_path (initial): C:/Program Files/JetBrains/IntelliJIDEA/plugins/git4idea/lib/git4idea-rt.jar;C:/Program Files/JetBrains/IntelliJIDEA/lib/xmlrpc-2.0.1.jar;C:/Program Files/JetBrains/IntelliJIDEA/lib/commons-codec-1.14.jar;C:/Program Files/JetBrains/IntelliJIDEA/lib/util.jar
Launcher Type: SUN_STANDARD

[Global flags]
     intx CICompilerCount                          = 3                                         {product} {ergonomic}
     uint ConcGCThreads                            = 1                                         {product} {ergonomic}
     uint G1ConcRefinementThreads                  = 4                                         {product} {ergonomic}
   size_t G1HeapRegionSize                         = 1048576                                   {product} {ergonomic}
    uintx GCDrainStackTargetSize                   = 64                                        {product} {ergonomic}
   size_t InitialHeapSize                          = 67108864                                  {product} {ergonomic}
   size_t MarkStackSize                            = 4194304                                   {product} {ergonomic}
   size_t MaxHeapSize                              = 1061158912                                {product} {ergonomic}
   size_t MinHeapDeltaBytes                        = 1048576                                   {product} {ergonomic}
    uintx NonNMethodCodeHeapSize                   = 5830732                                {pd product} {ergonomic}
    uintx NonProfiledCodeHeapSize                  = 122913754                              {pd product} {ergonomic}
    uintx ProfiledCodeHeapSize                     = 122913754                              {pd product} {ergonomic}
    uintx ReservedCodeCacheSize                    = 251658240                              {pd product} {ergonomic}
     bool SegmentedCodeCache                       = true                                      {product} {ergonomic}
     bool UseCompressedClassPointers               = true                                 {lp64_product} {ergonomic}
     bool UseCompressedOops                        = true                                 {lp64_product} {ergonomic}
     bool UseG1GC                                  = true                                      {product} {ergonomic}
     bool UseLargePagesIndividualAllocation        = false                                  {pd product} {ergonomic}

Logging:
Log output configuration:
 #0: stdout all=warning uptime,level,tags
 #1: stderr all=off uptime,level,tags

Environment Variables:
JAVA_HOME=C:\Program Files\Java\jdk1.8.0_121
PATH=C:\Program Files\Git\mingw64\libexec\git-core;C:\Program Files\Git\mingw64\libexec\git-core;C:\Program Files\Git\mingw64\bin;C:\Program Files\Git\usr\bin;C:\Users\ALEXANDRE\bin;C:\Python27;C:\Python27\Scripts;C:\ProgramData\Oracle\Java\javapath;C:\Windows\system32;C:\Windows;C:\Windows\System32\Wbem;C:\Windows\System32\WindowsPowerShell\v1.0;C:\Qt\Qt5.6.2\5.6\mingw49_32\bin;C:\Qt\Qt5.6.2\Tools\QtCreator\bin;C:\vstudio;C:\Program Files\Java\jdk1.8.0_121\bin;C:\Qt\Qt5.6.2\5.6\mingw49_32\bin;C:\Qt\Qt5.6.2\Tools\mingw492_32;C:\Program Files (x86)\Windows Kits\8.1\Windows Performance Toolkit;C:\Program Files (x86)\Microsoft Emulator Manager\1.0\C;C:\Program Files\Git\MinGW\bin;C:\MinGW\include;C:\MinGW\mingw32\bin;C:\Qt\Qt5.6.2\Tools\mingw492_32\bin;C:\Users\ALEXANDRE\Desktop\gradle-3.5\bin;C:\Program Files\Android\Android Studio\bin;C:\Program Files\Microsoft\Web Platform Installer;C:\Program Files (x86)\Microsoft ASP.NET\ASP.NET Web Pages\v1.0;C:\Program Files\Microsoft SQL Server\110\Tools\Binn;C:\Program Files (x86)\MATLAB\R2013\runtime\win32;C:\Program Files (x86)\MATLAB\R2013\bin;C:\android-studio-ide-162.3934792-windows\android-studio\gradle\gradle-4.6-bin;C:\Users\ALEXANDRE\Desktop\bin;C:\Program Files\Java\jre7\bin;C:\Program Files (x86)\MiKTeX 2.9\miktex\bin;C:\Program Files\MATLAB\R2017a\runtime\win64;C:\Program Files\MATLAB\R2017a\bin;C:\Program Files\MiKTeX 2.9\miktex\bin\x64;C:\ProgramData\chocolatey\bin;C:\Program Files\PuTTY;C:\Program Files\Git\cmd;C:\Program Files\Git\usr\bin;C:\xampp\php;C:\ProgramData\ComposerSetup\bin;C:\Program Files\nodejs;C:\Users\ALEXANDRE\AppData\Local\Programs\Python\Python37\Scripts;C:\Users\ALEXANDRE\AppData\Local\Programs\Python\Python37;C:\Program Files (x86)\Microsoft VS Code\bin;C:\Users\ALEXANDRE\AppData\Roaming\Composer\vendor\bin;C:\Users\ALEXANDRE\AppData\Roaming\npm;C:\Users\ALEXANDRE\AppData\Local\Programs\Microsoft VS Code\bin;C:\Program Files\JetBrains\IntelliJIDEA\bin
USERNAME=ALEXANDRE
DISPLAY=:0.0
OS=Windows_NT
PROCESSOR_IDENTIFIER=Intel64 Family 6 Model 42 Stepping 7, GenuineIntel



---------------  S Y S T E M  ---------------

OS: Windows 10 , 64 bit Build 10240 (10.0.10240.17113)

CPU:total 4 (initial active 4) (2 cores per cpu, 2 threads per core) family 6 model 42 stepping 7, cmov, cx8, fxsr, mmx, sse, sse2, sse3, ssse3, sse4.1, sse4.2, popcnt, avx, clmul, ht, tsc, tscinvbit

Memory: 4k page, system-wide physical 4043M (294M free)
TotalPageFile size 5444M (AvailPageFile size 51M)
current process WorkingSet (physical memory assigned to process): 9M, peak: 9M
current process commit charge ("private bytes"): 51M, peak: 115M

vm_info: OpenJDK 64-Bit Server VM (11.0.6+8-b765.25) for windows-amd64 JRE (11.0.6+8-b765.25), built on Mar 30 2020 12:57:22 by "" with MS VC++ 14.0 (VS2015)

END.
